[13/Oct/2011:09:11:06] ENGINE Listening for SIGHUP.
[13/Oct/2011:09:11:06] ENGINE Listening for SIGTERM.
[13/Oct/2011:09:11:06] ENGINE Listening for SIGUSR1.
[13/Oct/2011:09:11:06] ENGINE Bus STARTING
[13/Oct/2011:09:11:06] ENGINE Started monitor thread '_TimeoutMonitor'.
[13/Oct/2011:09:11:06] ENGINE Serving on 0.0.0.0:10001
[13/Oct/2011:09:11:06] ENGINE Bus STARTED
[13/Oct/2011:09:16:23] ENGINE Caught signal SIGTERM.
[13/Oct/2011:09:16:23] ENGINE Bus STOPPING
[13/Oct/2011:09:16:23] ENGINE HTTP Server cherrypy._cpwsgi_server.CPWSGIServer(('0.0.0.0', 10001)) shut down
[13/Oct/2011:09:16:23] ENGINE Stopped thread '_TimeoutMonitor'.
[13/Oct/2011:09:16:23] ENGINE Bus STOPPED
[13/Oct/2011:09:16:23] ENGINE Bus EXITING
[13/Oct/2011:09:16:23] ENGINE Bus EXITED
[13/Oct/2011:09:16:23] ENGINE Waiting for child threads to terminate...
[13/Oct/2011:11:06:45] ENGINE Listening for SIGHUP.
[13/Oct/2011:11:06:45] ENGINE Listening for SIGTERM.
[13/Oct/2011:11:06:45] ENGINE Listening for SIGUSR1.
[13/Oct/2011:11:06:45] ENGINE Bus STARTING
[13/Oct/2011:11:06:45] ENGINE Started monitor thread '_TimeoutMonitor'.
[13/Oct/2011:11:06:45] ENGINE Serving on 0.0.0.0:10001
[13/Oct/2011:11:06:45] ENGINE Bus STARTED
[13/Oct/2011:11:09:43] ENGINE Caught signal SIGTERM.
[13/Oct/2011:11:09:43] ENGINE Bus STOPPING
[13/Oct/2011:11:09:48] ENGINE HTTP Server cherrypy._cpwsgi_server.CPWSGIServer(('0.0.0.0', 10001)) shut down
[13/Oct/2011:11:09:48] ENGINE Stopped thread '_TimeoutMonitor'.
[13/Oct/2011:11:09:48] ENGINE Bus STOPPED
[13/Oct/2011:11:09:48] ENGINE Bus EXITING
[13/Oct/2011:11:09:48] ENGINE Bus EXITED
[13/Oct/2011:11:09:48] ENGINE Waiting for child threads to terminate...
[13/Oct/2011:11:09:55] ENGINE Listening for SIGHUP.
[13/Oct/2011:11:09:55] ENGINE Listening for SIGTERM.
[13/Oct/2011:11:09:55] ENGINE Listening for SIGUSR1.
[13/Oct/2011:11:09:55] ENGINE Bus STARTING
[13/Oct/2011:11:09:55] ENGINE Started monitor thread '_TimeoutMonitor'.
[13/Oct/2011:11:09:55] ENGINE Serving on 0.0.0.0:10001
[13/Oct/2011:11:09:55] ENGINE Bus STARTED
[13/Oct/2011:11:11:48] ENGINE Caught signal SIGTERM.
[13/Oct/2011:11:11:48] ENGINE Bus STOPPING
[13/Oct/2011:11:11:53] ENGINE HTTP Server cherrypy._cpwsgi_server.CPWSGIServer(('0.0.0.0', 10001)) shut down
[13/Oct/2011:11:11:53] ENGINE Stopped thread '_TimeoutMonitor'.
[13/Oct/2011:11:11:53] ENGINE Bus STOPPED
[13/Oct/2011:11:11:53] ENGINE Bus EXITING
[13/Oct/2011:11:11:53] ENGINE Bus EXITED
[13/Oct/2011:11:11:53] ENGINE Waiting for child threads to terminate...
[13/Oct/2011:11:11:58] ENGINE Listening for SIGHUP.
[13/Oct/2011:11:11:58] ENGINE Listening for SIGTERM.
[13/Oct/2011:11:11:58] ENGINE Listening for SIGUSR1.
[13/Oct/2011:11:11:58] ENGINE Bus STARTING
[13/Oct/2011:11:11:58] ENGINE Started monitor thread '_TimeoutMonitor'.
[13/Oct/2011:11:11:58] ENGINE Serving on 0.0.0.0:10001
[13/Oct/2011:11:11:58] ENGINE Bus STARTED
[13/Oct/2011:11:12:56] ENGINE Caught signal SIGTERM.
[13/Oct/2011:11:12:56] ENGINE Bus STOPPING
[13/Oct/2011:11:13:01] ENGINE HTTP Server cherrypy._cpwsgi_server.CPWSGIServer(('0.0.0.0', 10001)) shut down
[13/Oct/2011:11:13:01] ENGINE Stopped thread '_TimeoutMonitor'.
[13/Oct/2011:11:13:01] ENGINE Bus STOPPED
[13/Oct/2011:11:13:01] ENGINE Bus EXITING
[13/Oct/2011:11:13:01] ENGINE Bus EXITED
[13/Oct/2011:11:13:01] ENGINE Waiting for child threads to terminate...
[13/Oct/2011:11:59:15] ENGINE Listening for SIGHUP.
[13/Oct/2011:11:59:15] ENGINE Listening for SIGTERM.
[13/Oct/2011:11:59:15] ENGINE Listening for SIGUSR1.
[13/Oct/2011:11:59:15] ENGINE Bus STARTING
[13/Oct/2011:11:59:15] ENGINE Started monitor thread '_TimeoutMonitor'.
[13/Oct/2011:11:59:15] ENGINE Serving on 0.0.0.0:10001
[13/Oct/2011:11:59:15] ENGINE Bus STARTED
[13/Oct/2011:11:59:56] ENGINE Caught signal SIGTERM.
[13/Oct/2011:11:59:56] ENGINE Bus STOPPING
[13/Oct/2011:12:00:01] ENGINE HTTP Server cherrypy._cpwsgi_server.CPWSGIServer(('0.0.0.0', 10001)) shut down
[13/Oct/2011:12:00:01] ENGINE Stopped thread '_TimeoutMonitor'.
[13/Oct/2011:12:00:01] ENGINE Bus STOPPED
[13/Oct/2011:12:00:01] ENGINE Bus EXITING
[13/Oct/2011:12:00:01] ENGINE Bus EXITED
[13/Oct/2011:12:00:01] ENGINE Waiting for child threads to terminate...
[13/Oct/2011:12:01:47] ENGINE Listening for SIGHUP.
[13/Oct/2011:12:01:47] ENGINE Listening for SIGTERM.
[13/Oct/2011:12:01:47] ENGINE Listening for SIGUSR1.
[13/Oct/2011:12:01:47] ENGINE Bus STARTING
[13/Oct/2011:12:01:47] ENGINE Started monitor thread '_TimeoutMonitor'.
[13/Oct/2011:12:01:47] ENGINE Serving on 0.0.0.0:10001
[13/Oct/2011:12:01:47] ENGINE Bus STARTED
[13/Oct/2011:12:02:57] ENGINE Caught signal SIGTERM.
[13/Oct/2011:12:02:57] ENGINE Bus STOPPING
[13/Oct/2011:12:03:02] ENGINE HTTP Server cherrypy._cpwsgi_server.CPWSGIServer(('0.0.0.0', 10001)) shut down
[13/Oct/2011:12:03:02] ENGINE Stopped thread '_TimeoutMonitor'.
[13/Oct/2011:12:03:02] ENGINE Bus STOPPED
[13/Oct/2011:12:03:02] ENGINE Bus EXITING
[13/Oct/2011:12:03:02] ENGINE Bus EXITED
[13/Oct/2011:12:03:02] ENGINE Waiting for child threads to terminate...
[13/Oct/2011:12:03:05] ENGINE Listening for SIGHUP.
[13/Oct/2011:12:03:05] ENGINE Listening for SIGTERM.
[13/Oct/2011:12:03:05] ENGINE Listening for SIGUSR1.
[13/Oct/2011:12:03:05] ENGINE Bus STARTING
[13/Oct/2011:12:03:05] ENGINE Started monitor thread '_TimeoutMonitor'.
[13/Oct/2011:12:03:05] ENGINE Serving on 0.0.0.0:10001
[13/Oct/2011:12:03:05] ENGINE Bus STARTED
[13/Oct/2011:12:04:40] ENGINE Caught signal SIGTERM.
[13/Oct/2011:12:04:40] ENGINE Bus STOPPING
[13/Oct/2011:12:04:45] ENGINE HTTP Server cherrypy._cpwsgi_server.CPWSGIServer(('0.0.0.0', 10001)) shut down
[13/Oct/2011:12:04:45] ENGINE Stopped thread '_TimeoutMonitor'.
[13/Oct/2011:12:04:45] ENGINE Bus STOPPED
[13/Oct/2011:12:04:45] ENGINE Bus EXITING
[13/Oct/2011:12:04:45] ENGINE Bus EXITED
[13/Oct/2011:12:04:45] ENGINE Waiting for child threads to terminate...
[13/Oct/2011:12:04:49] ENGINE Listening for SIGHUP.
[13/Oct/2011:12:04:49] ENGINE Listening for SIGTERM.
[13/Oct/2011:12:04:49] ENGINE Listening for SIGUSR1.
[13/Oct/2011:12:04:49] ENGINE Bus STARTING
[13/Oct/2011:12:04:49] ENGINE Started monitor thread '_TimeoutMonitor'.
[13/Oct/2011:12:04:49] ENGINE Serving on 0.0.0.0:10001
[13/Oct/2011:12:04:49] ENGINE Bus STARTED
[13/Oct/2011:12:05:11] ENGINE Caught signal SIGTERM.
[13/Oct/2011:12:05:11] ENGINE Bus STOPPING
[13/Oct/2011:12:05:16] ENGINE HTTP Server cherrypy._cpwsgi_server.CPWSGIServer(('0.0.0.0', 10001)) shut down
[13/Oct/2011:12:05:16] ENGINE Stopped thread '_TimeoutMonitor'.
[13/Oct/2011:12:05:16] ENGINE Bus STOPPED
[13/Oct/2011:12:05:16] ENGINE Bus EXITING
[13/Oct/2011:12:05:16] ENGINE Bus EXITED
[13/Oct/2011:12:05:16] ENGINE Waiting for child threads to terminate...
[13/Oct/2011:12:05:20] ENGINE Listening for SIGHUP.
[13/Oct/2011:12:05:20] ENGINE Listening for SIGTERM.
[13/Oct/2011:12:05:20] ENGINE Listening for SIGUSR1.
[13/Oct/2011:12:05:20] ENGINE Bus STARTING
[13/Oct/2011:12:05:20] ENGINE Started monitor thread '_TimeoutMonitor'.
[13/Oct/2011:12:05:20] ENGINE Serving on 0.0.0.0:10001
[13/Oct/2011:12:05:20] ENGINE Bus STARTED
[13/Oct/2011:12:08:33] ENGINE Listening for SIGHUP.
[13/Oct/2011:12:08:33] ENGINE Listening for SIGTERM.
[13/Oct/2011:12:08:33] ENGINE Listening for SIGUSR1.
[13/Oct/2011:12:08:33] ENGINE Bus STARTING
[13/Oct/2011:12:08:33] ENGINE Started monitor thread '_TimeoutMonitor'.
[13/Oct/2011:12:08:38] ENGINE Error in 'start' listener <bound method Server.start of <cherrypy._cpserver.Server object at 0x10fa25850>>
Traceback (most recent call last):
  File "/Library/Python/2.7/site-packages/CherryPy-3.2.0-py2.7.egg/cherrypy/process/wspbus.py", line 179, in publish
    output.append(listener(*args, **kwargs))
  File "/Library/Python/2.7/site-packages/CherryPy-3.2.0-py2.7.egg/cherrypy/_cpserver.py", line 141, in start
    ServerAdapter.start(self)
  File "/Library/Python/2.7/site-packages/CherryPy-3.2.0-py2.7.egg/cherrypy/process/servers.py", line 167, in start
    wait_for_free_port(*self.bind_addr)
  File "/Library/Python/2.7/site-packages/CherryPy-3.2.0-py2.7.egg/cherrypy/process/servers.py", line 403, in wait_for_free_port
    raise IOError("Port %r not free on %r" % (port, host))
IOError: Port 10001 not free on '0.0.0.0'

[13/Oct/2011:12:08:38] ENGINE Shutting down due to error in start listener:
Traceback (most recent call last):
  File "/Library/Python/2.7/site-packages/CherryPy-3.2.0-py2.7.egg/cherrypy/process/wspbus.py", line 216, in start
    self.publish('start')
  File "/Library/Python/2.7/site-packages/CherryPy-3.2.0-py2.7.egg/cherrypy/process/wspbus.py", line 196, in publish
    raise exc
ChannelFailures: IOError("Port 10001 not free on '0.0.0.0'",)

[13/Oct/2011:12:08:38] ENGINE Bus STOPPING
[13/Oct/2011:12:08:38] ENGINE HTTP Server cherrypy._cpwsgi_server.CPWSGIServer(('0.0.0.0', 10001)) already shut down
[13/Oct/2011:12:08:38] ENGINE Stopped thread '_TimeoutMonitor'.
[13/Oct/2011:12:08:38] ENGINE Bus STOPPED
[13/Oct/2011:12:08:38] ENGINE Bus EXITING
[13/Oct/2011:12:08:38] ENGINE Bus EXITED
[13/Oct/2011:12:09:02] ENGINE Listening for SIGHUP.
[13/Oct/2011:12:09:02] ENGINE Listening for SIGTERM.
[13/Oct/2011:12:09:02] ENGINE Listening for SIGUSR1.
[13/Oct/2011:12:09:02] ENGINE Bus STARTING
[13/Oct/2011:12:09:02] ENGINE Started monitor thread '_TimeoutMonitor'.
[13/Oct/2011:12:09:07] ENGINE Error in 'start' listener <bound method Server.start of <cherrypy._cpserver.Server object at 0x10b31a850>>
Traceback (most recent call last):
  File "/Library/Python/2.7/site-packages/CherryPy-3.2.0-py2.7.egg/cherrypy/process/wspbus.py", line 179, in publish
    output.append(listener(*args, **kwargs))
  File "/Library/Python/2.7/site-packages/CherryPy-3.2.0-py2.7.egg/cherrypy/_cpserver.py", line 141, in start
    ServerAdapter.start(self)
  File "/Library/Python/2.7/site-packages/CherryPy-3.2.0-py2.7.egg/cherrypy/process/servers.py", line 167, in start
    wait_for_free_port(*self.bind_addr)
  File "/Library/Python/2.7/site-packages/CherryPy-3.2.0-py2.7.egg/cherrypy/process/servers.py", line 403, in wait_for_free_port
    raise IOError("Port %r not free on %r" % (port, host))
IOError: Port 10001 not free on '0.0.0.0'

[13/Oct/2011:12:09:07] ENGINE Shutting down due to error in start listener:
Traceback (most recent call last):
  File "/Library/Python/2.7/site-packages/CherryPy-3.2.0-py2.7.egg/cherrypy/process/wspbus.py", line 216, in start
    self.publish('start')
  File "/Library/Python/2.7/site-packages/CherryPy-3.2.0-py2.7.egg/cherrypy/process/wspbus.py", line 196, in publish
    raise exc
ChannelFailures: IOError("Port 10001 not free on '0.0.0.0'",)

[13/Oct/2011:12:09:07] ENGINE Bus STOPPING
[13/Oct/2011:12:09:07] ENGINE HTTP Server cherrypy._cpwsgi_server.CPWSGIServer(('0.0.0.0', 10001)) already shut down
[13/Oct/2011:12:09:07] ENGINE Stopped thread '_TimeoutMonitor'.
[13/Oct/2011:12:09:07] ENGINE Bus STOPPED
[13/Oct/2011:12:09:07] ENGINE Bus EXITING
[13/Oct/2011:12:09:07] ENGINE Bus EXITED
[13/Oct/2011:12:09:29] ENGINE Listening for SIGHUP.
[13/Oct/2011:12:09:29] ENGINE Listening for SIGTERM.
[13/Oct/2011:12:09:29] ENGINE Listening for SIGUSR1.
[13/Oct/2011:12:09:29] ENGINE Bus STARTING
[13/Oct/2011:12:09:29] ENGINE Started monitor thread '_TimeoutMonitor'.
[13/Oct/2011:12:09:34] ENGINE Error in 'start' listener <bound method Server.start of <cherrypy._cpserver.Server object at 0x105599850>>
Traceback (most recent call last):
  File "/Library/Python/2.7/site-packages/CherryPy-3.2.0-py2.7.egg/cherrypy/process/wspbus.py", line 179, in publish
    output.append(listener(*args, **kwargs))
  File "/Library/Python/2.7/site-packages/CherryPy-3.2.0-py2.7.egg/cherrypy/_cpserver.py", line 141, in start
    ServerAdapter.start(self)
  File "/Library/Python/2.7/site-packages/CherryPy-3.2.0-py2.7.egg/cherrypy/process/servers.py", line 167, in start
    wait_for_free_port(*self.bind_addr)
  File "/Library/Python/2.7/site-packages/CherryPy-3.2.0-py2.7.egg/cherrypy/process/servers.py", line 403, in wait_for_free_port
    raise IOError("Port %r not free on %r" % (port, host))
IOError: Port 10001 not free on '0.0.0.0'

[13/Oct/2011:12:09:34] ENGINE Shutting down due to error in start listener:
Traceback (most recent call last):
  File "/Library/Python/2.7/site-packages/CherryPy-3.2.0-py2.7.egg/cherrypy/process/wspbus.py", line 216, in start
    self.publish('start')
  File "/Library/Python/2.7/site-packages/CherryPy-3.2.0-py2.7.egg/cherrypy/process/wspbus.py", line 196, in publish
    raise exc
ChannelFailures: IOError("Port 10001 not free on '0.0.0.0'",)

[13/Oct/2011:12:09:34] ENGINE Bus STOPPING
[13/Oct/2011:12:09:34] ENGINE HTTP Server cherrypy._cpwsgi_server.CPWSGIServer(('0.0.0.0', 10001)) already shut down
[13/Oct/2011:12:09:34] ENGINE Stopped thread '_TimeoutMonitor'.
[13/Oct/2011:12:09:34] ENGINE Bus STOPPED
[13/Oct/2011:12:09:34] ENGINE Bus EXITING
[13/Oct/2011:12:09:34] ENGINE Bus EXITED
[13/Oct/2011:12:09:43] ENGINE Caught signal SIGTERM.
[13/Oct/2011:12:09:43] ENGINE Bus STOPPING
[13/Oct/2011:12:09:48] ENGINE HTTP Server cherrypy._cpwsgi_server.CPWSGIServer(('0.0.0.0', 10001)) shut down
[13/Oct/2011:12:09:48] ENGINE Stopped thread '_TimeoutMonitor'.
[13/Oct/2011:12:09:48] ENGINE Bus STOPPED
[13/Oct/2011:12:09:48] ENGINE Bus EXITING
[13/Oct/2011:12:09:48] ENGINE Bus EXITED
[13/Oct/2011:12:09:48] ENGINE Waiting for child threads to terminate...
[13/Oct/2011:12:10:10] ENGINE Listening for SIGHUP.
[13/Oct/2011:12:10:10] ENGINE Listening for SIGTERM.
[13/Oct/2011:12:10:10] ENGINE Listening for SIGUSR1.
[13/Oct/2011:12:10:10] ENGINE Bus STARTING
[13/Oct/2011:12:10:10] ENGINE Started monitor thread '_TimeoutMonitor'.
[13/Oct/2011:12:10:10] ENGINE Serving on 0.0.0.0:10001
[13/Oct/2011:12:10:10] ENGINE Bus STARTED
[13/Oct/2011:12:11:04] ENGINE Caught signal SIGTERM.
[13/Oct/2011:12:11:04] ENGINE Bus STOPPING
[13/Oct/2011:12:11:37] ENGINE Listening for SIGHUP.
[13/Oct/2011:12:11:37] ENGINE Listening for SIGTERM.
[13/Oct/2011:12:11:37] ENGINE Listening for SIGUSR1.
[13/Oct/2011:12:11:37] ENGINE Bus STARTING
[13/Oct/2011:12:11:37] ENGINE Started monitor thread '_TimeoutMonitor'.
[13/Oct/2011:12:11:37] ENGINE Serving on 0.0.0.0:10001
[13/Oct/2011:12:11:37] ENGINE Bus STARTED
[13/Oct/2011:13:47:18] ENGINE Caught signal SIGTERM.
[13/Oct/2011:13:47:18] ENGINE Bus STOPPING
[13/Oct/2011:13:47:18] ENGINE HTTP Server cherrypy._cpwsgi_server.CPWSGIServer(('0.0.0.0', 10001)) shut down
[13/Oct/2011:13:47:18] ENGINE Stopped thread '_TimeoutMonitor'.
[13/Oct/2011:13:47:18] ENGINE Bus STOPPED
[13/Oct/2011:13:47:18] ENGINE Bus EXITING
[13/Oct/2011:13:47:18] ENGINE Bus EXITED
[13/Oct/2011:13:47:18] ENGINE Waiting for child threads to terminate...
[13/Oct/2011:13:51:46] ENGINE Listening for SIGHUP.
[13/Oct/2011:13:51:46] ENGINE Listening for SIGTERM.
[13/Oct/2011:13:51:46] ENGINE Listening for SIGUSR1.
[13/Oct/2011:13:51:46] ENGINE Bus STARTING
[13/Oct/2011:13:51:46] ENGINE Started monitor thread '_TimeoutMonitor'.
[13/Oct/2011:13:51:46] ENGINE Serving on 0.0.0.0:10001
[13/Oct/2011:13:51:46] ENGINE Bus STARTED
[13/Oct/2011:13:52:56] ENGINE Caught signal SIGTERM.
[13/Oct/2011:13:52:56] ENGINE Bus STOPPING
[13/Oct/2011:13:53:01] ENGINE HTTP Server cherrypy._cpwsgi_server.CPWSGIServer(('0.0.0.0', 10001)) shut down
[13/Oct/2011:13:53:01] ENGINE Stopped thread '_TimeoutMonitor'.
[13/Oct/2011:13:53:01] ENGINE Bus STOPPED
[13/Oct/2011:13:53:01] ENGINE Bus EXITING
[13/Oct/2011:13:53:01] ENGINE Bus EXITED
[13/Oct/2011:13:53:01] ENGINE Waiting for child threads to terminate...
[13/Oct/2011:13:53:13] ENGINE Listening for SIGHUP.
[13/Oct/2011:13:53:13] ENGINE Listening for SIGTERM.
[13/Oct/2011:13:53:13] ENGINE Listening for SIGUSR1.
[13/Oct/2011:13:53:13] ENGINE Bus STARTING
[13/Oct/2011:13:53:13] ENGINE Started monitor thread '_TimeoutMonitor'.
[13/Oct/2011:13:53:14] ENGINE Serving on 0.0.0.0:10001
[13/Oct/2011:13:53:14] ENGINE Bus STARTED
[13/Oct/2011:13:56:30] ENGINE Caught signal SIGTERM.
[13/Oct/2011:13:56:30] ENGINE Bus STOPPING
[13/Oct/2011:13:56:30] ENGINE HTTP Server cherrypy._cpwsgi_server.CPWSGIServer(('0.0.0.0', 10001)) shut down
[13/Oct/2011:13:56:30] ENGINE Stopped thread '_TimeoutMonitor'.
[13/Oct/2011:13:56:30] ENGINE Bus STOPPED
[13/Oct/2011:13:56:30] ENGINE Bus EXITING
[13/Oct/2011:13:56:30] ENGINE Bus EXITED
[13/Oct/2011:13:56:30] ENGINE Waiting for child threads to terminate...
[13/Oct/2011:13:56:36] ENGINE Listening for SIGHUP.
[13/Oct/2011:13:56:36] ENGINE Listening for SIGTERM.
[13/Oct/2011:13:56:36] ENGINE Listening for SIGUSR1.
[13/Oct/2011:13:56:36] ENGINE Bus STARTING
[13/Oct/2011:13:56:36] ENGINE Started monitor thread '_TimeoutMonitor'.
[13/Oct/2011:13:56:36] ENGINE Serving on 0.0.0.0:10001
[13/Oct/2011:13:56:36] ENGINE Bus STARTED
[13/Oct/2011:13:59:26] ENGINE Caught signal SIGTERM.
[13/Oct/2011:13:59:26] ENGINE Bus STOPPING
[13/Oct/2011:13:59:26] ENGINE HTTP Server cherrypy._cpwsgi_server.CPWSGIServer(('0.0.0.0', 10001)) shut down
[13/Oct/2011:13:59:26] ENGINE Stopped thread '_TimeoutMonitor'.
[13/Oct/2011:13:59:26] ENGINE Bus STOPPED
[13/Oct/2011:13:59:26] ENGINE Bus EXITING
[13/Oct/2011:13:59:26] ENGINE Bus EXITED
[13/Oct/2011:13:59:26] ENGINE Waiting for child threads to terminate...
[13/Oct/2011:14:02:28] ENGINE Listening for SIGHUP.
[13/Oct/2011:14:02:28] ENGINE Listening for SIGTERM.
[13/Oct/2011:14:02:28] ENGINE Listening for SIGUSR1.
[13/Oct/2011:14:02:28] ENGINE Bus STARTING
[13/Oct/2011:14:02:28] ENGINE Started monitor thread '_TimeoutMonitor'.
[13/Oct/2011:14:02:28] ENGINE Serving on 0.0.0.0:10001
[13/Oct/2011:14:02:28] ENGINE Bus STARTED
[13/Oct/2011:14:03:49] ENGINE Caught signal SIGTERM.
[13/Oct/2011:14:03:49] ENGINE Bus STOPPING
[13/Oct/2011:14:03:54] ENGINE HTTP Server cherrypy._cpwsgi_server.CPWSGIServer(('0.0.0.0', 10001)) shut down
[13/Oct/2011:14:03:54] ENGINE Stopped thread '_TimeoutMonitor'.
[13/Oct/2011:14:03:54] ENGINE Bus STOPPED
[13/Oct/2011:14:03:54] ENGINE Bus EXITING
[13/Oct/2011:14:03:54] ENGINE Bus EXITED
[13/Oct/2011:14:03:54] ENGINE Waiting for child threads to terminate...
[13/Oct/2011:14:03:57] ENGINE Listening for SIGHUP.
[13/Oct/2011:14:03:57] ENGINE Listening for SIGTERM.
[13/Oct/2011:14:03:57] ENGINE Listening for SIGUSR1.
[13/Oct/2011:14:03:57] ENGINE Bus STARTING
[13/Oct/2011:14:03:57] ENGINE Started monitor thread '_TimeoutMonitor'.
[13/Oct/2011:14:03:57] ENGINE Serving on 0.0.0.0:10001
[13/Oct/2011:14:03:57] ENGINE Bus STARTED
[13/Oct/2011:14:06:16] ENGINE Caught signal SIGTERM.
[13/Oct/2011:14:06:16] ENGINE Bus STOPPING
[13/Oct/2011:14:06:21] ENGINE HTTP Server cherrypy._cpwsgi_server.CPWSGIServer(('0.0.0.0', 10001)) shut down
[13/Oct/2011:14:06:21] ENGINE Stopped thread '_TimeoutMonitor'.
[13/Oct/2011:14:06:21] ENGINE Bus STOPPED
[13/Oct/2011:14:06:21] ENGINE Bus EXITING
[13/Oct/2011:14:06:21] ENGINE Bus EXITED
[13/Oct/2011:14:06:21] ENGINE Waiting for child threads to terminate...
[13/Oct/2011:16:22:36] ENGINE Listening for SIGHUP.
[13/Oct/2011:16:22:36] ENGINE Listening for SIGTERM.
[13/Oct/2011:16:22:36] ENGINE Listening for SIGUSR1.
[13/Oct/2011:16:22:36] ENGINE Bus STARTING
[13/Oct/2011:16:22:36] ENGINE Started monitor thread '_TimeoutMonitor'.
[13/Oct/2011:16:22:36] ENGINE Serving on 0.0.0.0:10001
[13/Oct/2011:16:22:36] ENGINE Bus STARTED
[13/Oct/2011:16:25:44] ENGINE Caught signal SIGTERM.
[13/Oct/2011:16:25:44] ENGINE Bus STOPPING
[13/Oct/2011:16:25:44] ENGINE HTTP Server cherrypy._cpwsgi_server.CPWSGIServer(('0.0.0.0', 10001)) shut down
[13/Oct/2011:16:25:44] ENGINE Stopped thread '_TimeoutMonitor'.
[13/Oct/2011:16:25:44] ENGINE Bus STOPPED
[13/Oct/2011:16:25:44] ENGINE Bus EXITING
[13/Oct/2011:16:25:44] ENGINE Bus EXITED
[13/Oct/2011:16:25:44] ENGINE Waiting for child threads to terminate...
[13/Oct/2011:16:25:49] ENGINE Listening for SIGHUP.
[13/Oct/2011:16:25:49] ENGINE Listening for SIGTERM.
[13/Oct/2011:16:25:49] ENGINE Listening for SIGUSR1.
[13/Oct/2011:16:25:49] ENGINE Bus STARTING
[13/Oct/2011:16:25:49] ENGINE Started monitor thread '_TimeoutMonitor'.
[13/Oct/2011:16:25:49] ENGINE Serving on 0.0.0.0:10001
[13/Oct/2011:16:25:49] ENGINE Bus STARTED
[13/Oct/2011:16:26:32] ENGINE Caught signal SIGTERM.
[13/Oct/2011:16:26:32] ENGINE Bus STOPPING
[13/Oct/2011:16:26:37] ENGINE HTTP Server cherrypy._cpwsgi_server.CPWSGIServer(('0.0.0.0', 10001)) shut down
[13/Oct/2011:16:26:37] ENGINE Stopped thread '_TimeoutMonitor'.
[13/Oct/2011:16:26:37] ENGINE Bus STOPPED
[13/Oct/2011:16:26:37] ENGINE Bus EXITING
[13/Oct/2011:16:26:37] ENGINE Bus EXITED
[13/Oct/2011:16:26:37] ENGINE Waiting for child threads to terminate...
[14/Oct/2011:09:28:29] ENGINE Listening for SIGHUP.
[14/Oct/2011:09:28:29] ENGINE Listening for SIGTERM.
[14/Oct/2011:09:28:29] ENGINE Listening for SIGUSR1.
[14/Oct/2011:09:28:29] ENGINE Bus STARTING
[14/Oct/2011:09:28:29] ENGINE Started monitor thread '_TimeoutMonitor'.
[14/Oct/2011:09:28:29] ENGINE Serving on 0.0.0.0:10001
[14/Oct/2011:09:28:29] ENGINE Bus STARTED
[14/Oct/2011:09:30:08] ENGINE Caught signal SIGTERM.
[14/Oct/2011:09:30:08] ENGINE Bus STOPPING
[14/Oct/2011:09:30:13] ENGINE HTTP Server cherrypy._cpwsgi_server.CPWSGIServer(('0.0.0.0', 10001)) shut down
[14/Oct/2011:09:30:13] ENGINE Stopped thread '_TimeoutMonitor'.
[14/Oct/2011:09:30:13] ENGINE Bus STOPPED
[14/Oct/2011:09:30:13] ENGINE Bus EXITING
[14/Oct/2011:09:30:13] ENGINE Bus EXITED
[14/Oct/2011:09:30:13] ENGINE Waiting for child threads to terminate...
[14/Oct/2011:09:30:17] ENGINE Listening for SIGHUP.
[14/Oct/2011:09:30:17] ENGINE Listening for SIGTERM.
[14/Oct/2011:09:30:17] ENGINE Listening for SIGUSR1.
[14/Oct/2011:09:30:17] ENGINE Bus STARTING
[14/Oct/2011:09:30:17] ENGINE Started monitor thread '_TimeoutMonitor'.
[14/Oct/2011:09:30:17] ENGINE Serving on 0.0.0.0:10001
[14/Oct/2011:09:30:17] ENGINE Bus STARTED
[14/Oct/2011:09:33:04] ENGINE Caught signal SIGTERM.
[14/Oct/2011:09:33:04] ENGINE Bus STOPPING
[14/Oct/2011:09:33:04] ENGINE HTTP Server cherrypy._cpwsgi_server.CPWSGIServer(('0.0.0.0', 10001)) shut down
[14/Oct/2011:09:33:04] ENGINE Stopped thread '_TimeoutMonitor'.
[14/Oct/2011:09:33:04] ENGINE Bus STOPPED
[14/Oct/2011:09:33:04] ENGINE Bus EXITING
[14/Oct/2011:09:33:04] ENGINE Bus EXITED
[14/Oct/2011:09:33:04] ENGINE Waiting for child threads to terminate...
[14/Oct/2011:09:33:09] ENGINE Listening for SIGHUP.
[14/Oct/2011:09:33:09] ENGINE Listening for SIGTERM.
[14/Oct/2011:09:33:09] ENGINE Listening for SIGUSR1.
[14/Oct/2011:09:33:09] ENGINE Bus STARTING
[14/Oct/2011:09:33:09] ENGINE Started monitor thread '_TimeoutMonitor'.
[14/Oct/2011:09:33:09] ENGINE Serving on 0.0.0.0:10001
[14/Oct/2011:09:33:09] ENGINE Bus STARTED
[14/Oct/2011:09:37:09] ENGINE Caught signal SIGTERM.
[14/Oct/2011:09:37:09] ENGINE Bus STOPPING
[14/Oct/2011:09:37:14] ENGINE HTTP Server cherrypy._cpwsgi_server.CPWSGIServer(('0.0.0.0', 10001)) shut down
[14/Oct/2011:09:37:14] ENGINE Stopped thread '_TimeoutMonitor'.
[14/Oct/2011:09:37:14] ENGINE Bus STOPPED
[14/Oct/2011:09:37:14] ENGINE Bus EXITING
[14/Oct/2011:09:37:14] ENGINE Bus EXITED
[14/Oct/2011:09:37:14] ENGINE Waiting for child threads to terminate...
[14/Oct/2011:09:37:18] ENGINE Listening for SIGHUP.
[14/Oct/2011:09:37:18] ENGINE Listening for SIGTERM.
[14/Oct/2011:09:37:18] ENGINE Listening for SIGUSR1.
[14/Oct/2011:09:37:18] ENGINE Bus STARTING
[14/Oct/2011:09:37:18] ENGINE Started monitor thread '_TimeoutMonitor'.
[14/Oct/2011:09:37:19] ENGINE Serving on 0.0.0.0:10001
[14/Oct/2011:09:37:19] ENGINE Bus STARTED
[14/Oct/2011:09:37:33] ENGINE Caught signal SIGTERM.
[14/Oct/2011:09:37:33] ENGINE Bus STOPPING
[14/Oct/2011:09:37:38] ENGINE HTTP Server cherrypy._cpwsgi_server.CPWSGIServer(('0.0.0.0', 10001)) shut down
[14/Oct/2011:09:37:38] ENGINE Stopped thread '_TimeoutMonitor'.
[14/Oct/2011:09:37:38] ENGINE Bus STOPPED
[14/Oct/2011:09:37:38] ENGINE Bus EXITING
[14/Oct/2011:09:37:38] ENGINE Bus EXITED
[14/Oct/2011:09:37:38] ENGINE Waiting for child threads to terminate...
[14/Oct/2011:09:39:07] ENGINE Listening for SIGHUP.
[14/Oct/2011:09:39:07] ENGINE Listening for SIGTERM.
[14/Oct/2011:09:39:07] ENGINE Listening for SIGUSR1.
[14/Oct/2011:09:39:07] ENGINE Bus STARTING
[14/Oct/2011:09:39:07] ENGINE Started monitor thread '_TimeoutMonitor'.
[14/Oct/2011:09:39:07] ENGINE Serving on 0.0.0.0:10001
[14/Oct/2011:09:39:07] ENGINE Bus STARTED
[14/Oct/2011:09:39:41] ENGINE Caught signal SIGTERM.
[14/Oct/2011:09:39:41] ENGINE Bus STOPPING
[14/Oct/2011:09:39:46] ENGINE HTTP Server cherrypy._cpwsgi_server.CPWSGIServer(('0.0.0.0', 10001)) shut down
[14/Oct/2011:09:39:46] ENGINE Stopped thread '_TimeoutMonitor'.
[14/Oct/2011:09:39:46] ENGINE Bus STOPPED
[14/Oct/2011:09:39:46] ENGINE Bus EXITING
[14/Oct/2011:09:39:46] ENGINE Bus EXITED
[14/Oct/2011:09:39:46] ENGINE Waiting for child threads to terminate...
[14/Oct/2011:13:55:51] ENGINE Listening for SIGHUP.
[14/Oct/2011:13:55:51] ENGINE Listening for SIGTERM.
[14/Oct/2011:13:55:51] ENGINE Listening for SIGUSR1.
[14/Oct/2011:13:55:51] ENGINE Bus STARTING
[14/Oct/2011:13:55:51] ENGINE Started monitor thread '_TimeoutMonitor'.
[14/Oct/2011:13:55:51] ENGINE Serving on 0.0.0.0:10001
[14/Oct/2011:13:55:51] ENGINE Bus STARTED
[14/Oct/2011:13:55:54] ENGINE Caught signal SIGTERM.
[14/Oct/2011:13:55:54] ENGINE Bus STOPPING
[14/Oct/2011:13:55:54] ENGINE HTTP Server cherrypy._cpwsgi_server.CPWSGIServer(('0.0.0.0', 10001)) shut down
[14/Oct/2011:13:55:54] ENGINE Stopped thread '_TimeoutMonitor'.
[14/Oct/2011:13:55:54] ENGINE Bus STOPPED
[14/Oct/2011:13:55:54] ENGINE Bus EXITING
[14/Oct/2011:13:55:54] ENGINE Bus EXITED
[14/Oct/2011:13:55:54] ENGINE Waiting for child threads to terminate...
[14/Oct/2011:16:07:13] ENGINE Listening for SIGHUP.
[14/Oct/2011:16:07:13] ENGINE Listening for SIGTERM.
[14/Oct/2011:16:07:13] ENGINE Listening for SIGUSR1.
[14/Oct/2011:16:07:13] ENGINE Bus STARTING
[14/Oct/2011:16:07:13] ENGINE Started monitor thread '_TimeoutMonitor'.
[14/Oct/2011:16:07:13] ENGINE Serving on 0.0.0.0:10001
[14/Oct/2011:16:07:13] ENGINE Bus STARTED
[14/Oct/2011:16:08:15] ENGINE Caught signal SIGTERM.
[14/Oct/2011:16:08:15] ENGINE Bus STOPPING
[14/Oct/2011:16:08:20] ENGINE HTTP Server cherrypy._cpwsgi_server.CPWSGIServer(('0.0.0.0', 10001)) shut down
[14/Oct/2011:16:08:20] ENGINE Stopped thread '_TimeoutMonitor'.
[14/Oct/2011:16:08:20] ENGINE Bus STOPPED
[14/Oct/2011:16:08:20] ENGINE Bus EXITING
[14/Oct/2011:16:08:20] ENGINE Bus EXITED
[14/Oct/2011:16:08:20] ENGINE Waiting for child threads to terminate...
[14/Oct/2011:16:08:31] ENGINE Listening for SIGHUP.
[14/Oct/2011:16:08:31] ENGINE Listening for SIGTERM.
[14/Oct/2011:16:08:31] ENGINE Listening for SIGUSR1.
[14/Oct/2011:16:08:31] ENGINE Bus STARTING
[14/Oct/2011:16:08:31] ENGINE Started monitor thread '_TimeoutMonitor'.
[14/Oct/2011:16:08:31] ENGINE Serving on 0.0.0.0:10001
[14/Oct/2011:16:08:31] ENGINE Bus STARTED
[14/Oct/2011:16:09:23] ENGINE Caught signal SIGTERM.
[14/Oct/2011:16:09:23] ENGINE Bus STOPPING
[14/Oct/2011:16:09:28] ENGINE HTTP Server cherrypy._cpwsgi_server.CPWSGIServer(('0.0.0.0', 10001)) shut down
[14/Oct/2011:16:09:28] ENGINE Stopped thread '_TimeoutMonitor'.
[14/Oct/2011:16:09:28] ENGINE Bus STOPPED
[14/Oct/2011:16:09:28] ENGINE Bus EXITING
[14/Oct/2011:16:09:28] ENGINE Bus EXITED
[14/Oct/2011:16:09:28] ENGINE Waiting for child threads to terminate...
[14/Oct/2011:16:09:32] ENGINE Listening for SIGHUP.
[14/Oct/2011:16:09:32] ENGINE Listening for SIGTERM.
[14/Oct/2011:16:09:32] ENGINE Listening for SIGUSR1.
[14/Oct/2011:16:09:32] ENGINE Bus STARTING
[14/Oct/2011:16:09:32] ENGINE Started monitor thread '_TimeoutMonitor'.
[14/Oct/2011:16:09:32] ENGINE Serving on 0.0.0.0:10001
[14/Oct/2011:16:09:32] ENGINE Bus STARTED
[14/Oct/2011:16:10:03] ENGINE Caught signal SIGTERM.
[14/Oct/2011:16:10:03] ENGINE Bus STOPPING
[14/Oct/2011:16:10:08] ENGINE HTTP Server cherrypy._cpwsgi_server.CPWSGIServer(('0.0.0.0', 10001)) shut down
[14/Oct/2011:16:10:08] ENGINE Stopped thread '_TimeoutMonitor'.
[14/Oct/2011:16:10:08] ENGINE Bus STOPPED
[14/Oct/2011:16:10:08] ENGINE Bus EXITING
[14/Oct/2011:16:10:08] ENGINE Bus EXITED
[14/Oct/2011:16:10:08] ENGINE Waiting for child threads to terminate...
[14/Oct/2011:16:17:58] ENGINE Listening for SIGHUP.
[14/Oct/2011:16:17:58] ENGINE Listening for SIGTERM.
[14/Oct/2011:16:17:58] ENGINE Listening for SIGUSR1.
[14/Oct/2011:16:17:58] ENGINE Bus STARTING
[14/Oct/2011:16:17:58] ENGINE Started monitor thread '_TimeoutMonitor'.
[14/Oct/2011:16:17:59] ENGINE Serving on 0.0.0.0:10001
[14/Oct/2011:16:17:59] ENGINE Bus STARTED
[14/Oct/2011:16:20:02] ENGINE Caught signal SIGTERM.
[14/Oct/2011:16:20:02] ENGINE Bus STOPPING
[14/Oct/2011:16:20:02] ENGINE HTTP Server cherrypy._cpwsgi_server.CPWSGIServer(('0.0.0.0', 10001)) shut down
[14/Oct/2011:16:20:02] ENGINE Stopped thread '_TimeoutMonitor'.
[14/Oct/2011:16:20:02] ENGINE Bus STOPPED
[14/Oct/2011:16:20:02] ENGINE Bus EXITING
[14/Oct/2011:16:20:02] ENGINE Bus EXITED
[14/Oct/2011:16:20:02] ENGINE Waiting for child threads to terminate...
[14/Oct/2011:16:20:07] ENGINE Listening for SIGHUP.
[14/Oct/2011:16:20:07] ENGINE Listening for SIGTERM.
[14/Oct/2011:16:20:07] ENGINE Listening for SIGUSR1.
[14/Oct/2011:16:20:07] ENGINE Bus STARTING
[14/Oct/2011:16:20:07] ENGINE Started monitor thread '_TimeoutMonitor'.
[14/Oct/2011:16:20:07] ENGINE Serving on 0.0.0.0:10001
[14/Oct/2011:16:20:07] ENGINE Bus STARTED
[14/Oct/2011:16:25:14] ENGINE Caught signal SIGTERM.
[14/Oct/2011:16:25:14] ENGINE Bus STOPPING
[14/Oct/2011:16:25:14] ENGINE HTTP Server cherrypy._cpwsgi_server.CPWSGIServer(('0.0.0.0', 10001)) shut down
[14/Oct/2011:16:25:14] ENGINE Stopped thread '_TimeoutMonitor'.
[14/Oct/2011:16:25:14] ENGINE Bus STOPPED
[14/Oct/2011:16:25:14] ENGINE Bus EXITING
[14/Oct/2011:16:25:14] ENGINE Bus EXITED
[14/Oct/2011:16:25:14] ENGINE Waiting for child threads to terminate...
[14/Oct/2011:16:27:44] ENGINE Listening for SIGHUP.
[14/Oct/2011:16:27:44] ENGINE Listening for SIGTERM.
[14/Oct/2011:16:27:44] ENGINE Listening for SIGUSR1.
[14/Oct/2011:16:27:44] ENGINE Bus STARTING
[14/Oct/2011:16:27:44] ENGINE Started monitor thread '_TimeoutMonitor'.
[14/Oct/2011:16:27:45] ENGINE Serving on 0.0.0.0:10001
[14/Oct/2011:16:27:45] ENGINE Bus STARTED
[14/Oct/2011:16:29:03] ENGINE Caught signal SIGTERM.
[14/Oct/2011:16:29:03] ENGINE Bus STOPPING
[14/Oct/2011:16:29:08] ENGINE HTTP Server cherrypy._cpwsgi_server.CPWSGIServer(('0.0.0.0', 10001)) shut down
[14/Oct/2011:16:29:08] ENGINE Stopped thread '_TimeoutMonitor'.
[14/Oct/2011:16:29:08] ENGINE Bus STOPPED
[14/Oct/2011:16:29:08] ENGINE Bus EXITING
[14/Oct/2011:16:29:08] ENGINE Bus EXITED
[14/Oct/2011:16:29:08] ENGINE Waiting for child threads to terminate...
[14/Oct/2011:16:29:12] ENGINE Listening for SIGHUP.
[14/Oct/2011:16:29:12] ENGINE Listening for SIGTERM.
[14/Oct/2011:16:29:12] ENGINE Listening for SIGUSR1.
[14/Oct/2011:16:29:12] ENGINE Bus STARTING
[14/Oct/2011:16:29:12] ENGINE Started monitor thread '_TimeoutMonitor'.
[14/Oct/2011:16:29:12] ENGINE Serving on 0.0.0.0:10001
[14/Oct/2011:16:29:12] ENGINE Bus STARTED
[14/Oct/2011:16:29:29] ENGINE Caught signal SIGTERM.
[14/Oct/2011:16:29:29] ENGINE Bus STOPPING
[14/Oct/2011:16:29:34] ENGINE HTTP Server cherrypy._cpwsgi_server.CPWSGIServer(('0.0.0.0', 10001)) shut down
[14/Oct/2011:16:29:34] ENGINE Stopped thread '_TimeoutMonitor'.
[14/Oct/2011:16:29:34] ENGINE Bus STOPPED
[14/Oct/2011:16:29:34] ENGINE Bus EXITING
[14/Oct/2011:16:29:34] ENGINE Bus EXITED
[14/Oct/2011:16:29:34] ENGINE Waiting for child threads to terminate...
[14/Oct/2011:16:29:57] ENGINE Listening for SIGHUP.
[14/Oct/2011:16:29:57] ENGINE Listening for SIGTERM.
[14/Oct/2011:16:29:57] ENGINE Listening for SIGUSR1.
[14/Oct/2011:16:29:57] ENGINE Bus STARTING
[14/Oct/2011:16:29:57] ENGINE Started monitor thread '_TimeoutMonitor'.
[14/Oct/2011:16:29:57] ENGINE Serving on 0.0.0.0:10001
[14/Oct/2011:16:29:57] ENGINE Bus STARTED
[14/Oct/2011:16:33:19] ENGINE Caught signal SIGTERM.
[14/Oct/2011:16:33:19] ENGINE Bus STOPPING
[14/Oct/2011:16:33:24] ENGINE HTTP Server cherrypy._cpwsgi_server.CPWSGIServer(('0.0.0.0', 10001)) shut down
[14/Oct/2011:16:33:24] ENGINE Stopped thread '_TimeoutMonitor'.
[14/Oct/2011:16:33:24] ENGINE Bus STOPPED
[14/Oct/2011:16:33:24] ENGINE Bus EXITING
[14/Oct/2011:16:33:24] ENGINE Bus EXITED
[14/Oct/2011:16:33:24] ENGINE Waiting for child threads to terminate...
[16/Oct/2011:15:37:45] ENGINE Listening for SIGHUP.
[16/Oct/2011:15:37:45] ENGINE Listening for SIGTERM.
[16/Oct/2011:15:37:45] ENGINE Listening for SIGUSR1.
[16/Oct/2011:15:37:45] ENGINE Bus STARTING
[16/Oct/2011:15:37:45] ENGINE Started monitor thread '_TimeoutMonitor'.
[16/Oct/2011:15:37:45] ENGINE Serving on 0.0.0.0:10001
[16/Oct/2011:15:37:45] ENGINE Bus STARTED
[16/Oct/2011:16:05:18] ENGINE Listening for SIGHUP.
[16/Oct/2011:16:05:18] ENGINE Listening for SIGTERM.
[16/Oct/2011:16:05:18] ENGINE Listening for SIGUSR1.
[16/Oct/2011:16:05:18] ENGINE Bus STARTING
[16/Oct/2011:16:05:18] ENGINE Started monitor thread '_TimeoutMonitor'.
[16/Oct/2011:16:05:23] ENGINE Error in 'start' listener <bound method Server.start of <cherrypy._cpserver.Server object at 0x110871550>>
Traceback (most recent call last):
  File "/Library/Python/2.7/site-packages/CherryPy-3.2.0-py2.7.egg/cherrypy/process/wspbus.py", line 179, in publish
    output.append(listener(*args, **kwargs))
  File "/Library/Python/2.7/site-packages/CherryPy-3.2.0-py2.7.egg/cherrypy/_cpserver.py", line 141, in start
    ServerAdapter.start(self)
  File "/Library/Python/2.7/site-packages/CherryPy-3.2.0-py2.7.egg/cherrypy/process/servers.py", line 167, in start
    wait_for_free_port(*self.bind_addr)
  File "/Library/Python/2.7/site-packages/CherryPy-3.2.0-py2.7.egg/cherrypy/process/servers.py", line 403, in wait_for_free_port
    raise IOError("Port %r not free on %r" % (port, host))
IOError: Port 10001 not free on '0.0.0.0'

[16/Oct/2011:16:05:23] ENGINE Shutting down due to error in start listener:
Traceback (most recent call last):
  File "/Library/Python/2.7/site-packages/CherryPy-3.2.0-py2.7.egg/cherrypy/process/wspbus.py", line 216, in start
    self.publish('start')
  File "/Library/Python/2.7/site-packages/CherryPy-3.2.0-py2.7.egg/cherrypy/process/wspbus.py", line 196, in publish
    raise exc
ChannelFailures: IOError("Port 10001 not free on '0.0.0.0'",)

[16/Oct/2011:16:05:23] ENGINE Bus STOPPING
[16/Oct/2011:16:05:23] ENGINE HTTP Server cherrypy._cpwsgi_server.CPWSGIServer(('0.0.0.0', 10001)) already shut down
[16/Oct/2011:16:05:23] ENGINE Stopped thread '_TimeoutMonitor'.
[16/Oct/2011:16:05:23] ENGINE Bus STOPPED
[16/Oct/2011:16:05:23] ENGINE Bus EXITING
[16/Oct/2011:16:05:23] ENGINE Bus EXITED
[16/Oct/2011:16:05:48] ENGINE Caught signal SIGTERM.
[16/Oct/2011:16:05:48] ENGINE Bus STOPPING
[16/Oct/2011:16:05:53] ENGINE HTTP Server cherrypy._cpwsgi_server.CPWSGIServer(('0.0.0.0', 10001)) shut down
[16/Oct/2011:16:05:53] ENGINE Stopped thread '_TimeoutMonitor'.
[16/Oct/2011:16:05:53] ENGINE Bus STOPPED
[16/Oct/2011:16:05:53] ENGINE Bus EXITING
[16/Oct/2011:16:05:53] ENGINE Bus EXITED
[16/Oct/2011:16:05:53] ENGINE Waiting for child threads to terminate...
[16/Oct/2011:16:06:08] ENGINE Listening for SIGHUP.
[16/Oct/2011:16:06:08] ENGINE Listening for SIGTERM.
[16/Oct/2011:16:06:08] ENGINE Listening for SIGUSR1.
[16/Oct/2011:16:06:08] ENGINE Bus STARTING
[16/Oct/2011:16:06:08] ENGINE Started monitor thread '_TimeoutMonitor'.
[16/Oct/2011:16:06:08] ENGINE Serving on 0.0.0.0:10001
[16/Oct/2011:16:06:08] ENGINE Bus STARTED
[16/Oct/2011:16:09:43] ENGINE Caught signal SIGTERM.
[16/Oct/2011:16:09:43] ENGINE Bus STOPPING
[16/Oct/2011:16:09:48]  Traceback (most recent call last):
  File "/Library/Python/2.7/site-packages/CherryPy-3.2.0-py2.7.egg/cherrypy/_cpwsgi.py", line 164, in trap
    return func(*args, **kwargs)
  File "/Library/Python/2.7/site-packages/CherryPy-3.2.0-py2.7.egg/cherrypy/_cpwsgi.py", line 96, in __call__
    return self.nextapp(environ, start_response)
  File "/Library/Python/2.7/site-packages/CherryPy-3.2.0-py2.7.egg/cherrypy/_cpwsgi.py", line 318, in tail
    return self.response_class(environ, start_response, self.cpapp)
  File "/Library/Python/2.7/site-packages/CherryPy-3.2.0-py2.7.egg/cherrypy/_cpwsgi.py", line 211, in __init__
    self.run()
  File "/Library/Python/2.7/site-packages/CherryPy-3.2.0-py2.7.egg/cherrypy/_cpwsgi.py", line 259, in run
    request.run(meth, path, qs, rproto, headers, rfile)
  File "/Library/Python/2.7/site-packages/CherryPy-3.2.0-py2.7.egg/cherrypy/_cprequest.py", line 592, in run
    raise cherrypy.TimeoutError()
TimeoutError

[16/Oct/2011:16:10:13] ENGINE Listening for SIGHUP.
[16/Oct/2011:16:10:13] ENGINE Listening for SIGTERM.
[16/Oct/2011:16:10:13] ENGINE Listening for SIGUSR1.
[16/Oct/2011:16:10:13] ENGINE Bus STARTING
[16/Oct/2011:16:10:13] ENGINE Started monitor thread '_TimeoutMonitor'.
[16/Oct/2011:16:10:13] ENGINE Serving on 0.0.0.0:10001
[16/Oct/2011:16:10:13] ENGINE Bus STARTED
[16/Oct/2011:16:13:28] ENGINE Caught signal SIGTERM.
[16/Oct/2011:16:13:28] ENGINE Bus STOPPING
[16/Oct/2011:16:13:34]  Traceback (most recent call last):
  File "/Library/Python/2.7/site-packages/CherryPy-3.2.0-py2.7.egg/cherrypy/_cpwsgi.py", line 164, in trap
    return func(*args, **kwargs)
  File "/Library/Python/2.7/site-packages/CherryPy-3.2.0-py2.7.egg/cherrypy/_cpwsgi.py", line 96, in __call__
    return self.nextapp(environ, start_response)
  File "/Library/Python/2.7/site-packages/CherryPy-3.2.0-py2.7.egg/cherrypy/_cpwsgi.py", line 318, in tail
    return self.response_class(environ, start_response, self.cpapp)
  File "/Library/Python/2.7/site-packages/CherryPy-3.2.0-py2.7.egg/cherrypy/_cpwsgi.py", line 211, in __init__
    self.run()
  File "/Library/Python/2.7/site-packages/CherryPy-3.2.0-py2.7.egg/cherrypy/_cpwsgi.py", line 259, in run
    request.run(meth, path, qs, rproto, headers, rfile)
  File "/Library/Python/2.7/site-packages/CherryPy-3.2.0-py2.7.egg/cherrypy/_cprequest.py", line 592, in run
    raise cherrypy.TimeoutError()
TimeoutError

[16/Oct/2011:16:28:33] ENGINE Listening for SIGHUP.
[16/Oct/2011:16:28:33] ENGINE Listening for SIGTERM.
[16/Oct/2011:16:28:33] ENGINE Listening for SIGUSR1.
[16/Oct/2011:16:28:33] ENGINE Bus STARTING
[16/Oct/2011:16:28:33] ENGINE Started monitor thread '_TimeoutMonitor'.
[16/Oct/2011:16:28:34] ENGINE Serving on 0.0.0.0:10001
[16/Oct/2011:16:28:34] ENGINE Bus STARTED
[16/Oct/2011:16:29:18] ENGINE Caught signal SIGTERM.
[16/Oct/2011:16:29:18] ENGINE Bus STOPPING
[16/Oct/2011:16:29:23] ENGINE HTTP Server cherrypy._cpwsgi_server.CPWSGIServer(('0.0.0.0', 10001)) shut down
[16/Oct/2011:16:29:23] ENGINE Stopped thread '_TimeoutMonitor'.
[16/Oct/2011:16:29:23] ENGINE Bus STOPPED
[16/Oct/2011:16:29:23] ENGINE Bus EXITING
[16/Oct/2011:16:29:23] ENGINE Bus EXITED
[16/Oct/2011:16:29:23] ENGINE Waiting for child threads to terminate...
[16/Oct/2011:16:29:28] ENGINE Listening for SIGHUP.
[16/Oct/2011:16:29:28] ENGINE Listening for SIGTERM.
[16/Oct/2011:16:29:28] ENGINE Listening for SIGUSR1.
[16/Oct/2011:16:29:28] ENGINE Bus STARTING
[16/Oct/2011:16:29:28] ENGINE Started monitor thread '_TimeoutMonitor'.
[16/Oct/2011:16:29:28] ENGINE Serving on 0.0.0.0:10001
[16/Oct/2011:16:29:28] ENGINE Bus STARTED
[16/Oct/2011:16:33:36] ENGINE Caught signal SIGTERM.
[16/Oct/2011:16:33:36] ENGINE Bus STOPPING
[16/Oct/2011:16:33:36] ENGINE HTTP Server cherrypy._cpwsgi_server.CPWSGIServer(('0.0.0.0', 10001)) shut down
[16/Oct/2011:16:33:36] ENGINE Stopped thread '_TimeoutMonitor'.
[16/Oct/2011:16:33:36] ENGINE Bus STOPPED
[16/Oct/2011:16:33:36] ENGINE Bus EXITING
[16/Oct/2011:16:33:36] ENGINE Bus EXITED
[16/Oct/2011:16:33:36] ENGINE Waiting for child threads to terminate...
[16/Oct/2011:16:33:39] ENGINE Listening for SIGHUP.
[16/Oct/2011:16:33:39] ENGINE Listening for SIGTERM.
[16/Oct/2011:16:33:39] ENGINE Listening for SIGUSR1.
[16/Oct/2011:16:33:39] ENGINE Bus STARTING
[16/Oct/2011:16:33:39] ENGINE Started monitor thread '_TimeoutMonitor'.
[16/Oct/2011:16:33:39] ENGINE Serving on 0.0.0.0:10001
[16/Oct/2011:16:33:39] ENGINE Bus STARTED
[16/Oct/2011:16:53:53] ENGINE Caught signal SIGTERM.
[16/Oct/2011:16:53:53] ENGINE Bus STOPPING
[16/Oct/2011:16:53:53] ENGINE HTTP Server cherrypy._cpwsgi_server.CPWSGIServer(('0.0.0.0', 10001)) shut down
[16/Oct/2011:16:53:53] ENGINE Stopped thread '_TimeoutMonitor'.
[16/Oct/2011:16:53:53] ENGINE Bus STOPPED
[16/Oct/2011:16:53:53] ENGINE Bus EXITING
[16/Oct/2011:16:53:53] ENGINE Bus EXITED
[16/Oct/2011:16:53:53] ENGINE Waiting for child threads to terminate...
[18/Oct/2011:15:08:05] ENGINE Listening for SIGHUP.
[18/Oct/2011:15:08:05] ENGINE Listening for SIGTERM.
[18/Oct/2011:15:08:05] ENGINE Listening for SIGUSR1.
[18/Oct/2011:15:08:05] ENGINE Bus STARTING
[18/Oct/2011:15:08:05] ENGINE Started monitor thread '_TimeoutMonitor'.
[18/Oct/2011:15:08:05] ENGINE Serving on 0.0.0.0:10001
[18/Oct/2011:15:08:05] ENGINE Bus STARTED
[18/Oct/2011:15:10:36] ENGINE Caught signal SIGTERM.
[18/Oct/2011:15:10:36] ENGINE Bus STOPPING
[18/Oct/2011:15:10:41] ENGINE Caught signal SIGTERM.
[18/Oct/2011:15:10:41] ENGINE Bus STOPPING
[18/Oct/2011:15:10:41] ENGINE HTTP Server cherrypy._cpwsgi_server.CPWSGIServer(('0.0.0.0', 10001)) already shut down
[18/Oct/2011:15:10:41] ENGINE Stopped thread '_TimeoutMonitor'.
[18/Oct/2011:15:10:41] ENGINE Bus STOPPED
[18/Oct/2011:15:10:41] ENGINE Bus EXITING
[18/Oct/2011:15:10:41] ENGINE Bus EXITED
[18/Oct/2011:15:10:41] ENGINE HTTP Server cherrypy._cpwsgi_server.CPWSGIServer(('0.0.0.0', 10001)) shut down
[18/Oct/2011:15:10:41] ENGINE No thread running for None.
[18/Oct/2011:15:10:41] ENGINE Bus STOPPED
[18/Oct/2011:15:10:41] ENGINE Bus EXITING
[18/Oct/2011:15:10:41] ENGINE Bus EXITED
[18/Oct/2011:15:10:41] ENGINE Waiting for child threads to terminate...
[18/Oct/2011:15:10:44] ENGINE Listening for SIGHUP.
[18/Oct/2011:15:10:44] ENGINE Listening for SIGTERM.
[18/Oct/2011:15:10:44] ENGINE Listening for SIGUSR1.
[18/Oct/2011:15:10:44] ENGINE Bus STARTING
[18/Oct/2011:15:10:44] ENGINE Started monitor thread '_TimeoutMonitor'.
[18/Oct/2011:15:10:44] ENGINE Serving on 0.0.0.0:10001
[18/Oct/2011:15:10:44] ENGINE Bus STARTED
[18/Oct/2011:15:11:14] ENGINE Caught signal SIGTERM.
[18/Oct/2011:15:11:14] ENGINE Bus STOPPING
[18/Oct/2011:15:11:19] ENGINE HTTP Server cherrypy._cpwsgi_server.CPWSGIServer(('0.0.0.0', 10001)) shut down
[18/Oct/2011:15:11:19] ENGINE Stopped thread '_TimeoutMonitor'.
[18/Oct/2011:15:11:19] ENGINE Bus STOPPED
[18/Oct/2011:15:11:19] ENGINE Bus EXITING
[18/Oct/2011:15:11:19] ENGINE Bus EXITED
[18/Oct/2011:15:11:19] ENGINE Waiting for child threads to terminate...
[18/Oct/2011:15:11:23] ENGINE Listening for SIGHUP.
[18/Oct/2011:15:11:23] ENGINE Listening for SIGTERM.
[18/Oct/2011:15:11:23] ENGINE Listening for SIGUSR1.
[18/Oct/2011:15:11:23] ENGINE Bus STARTING
[18/Oct/2011:15:11:23] ENGINE Started monitor thread '_TimeoutMonitor'.
[18/Oct/2011:15:11:23] ENGINE Serving on 0.0.0.0:10001
[18/Oct/2011:15:11:23] ENGINE Bus STARTED
[18/Oct/2011:15:13:52] ENGINE Caught signal SIGTERM.
[18/Oct/2011:15:13:52] ENGINE Bus STOPPING
[18/Oct/2011:15:13:52] ENGINE HTTP Server cherrypy._cpwsgi_server.CPWSGIServer(('0.0.0.0', 10001)) shut down
[18/Oct/2011:15:13:52] ENGINE Stopped thread '_TimeoutMonitor'.
[18/Oct/2011:15:13:52] ENGINE Bus STOPPED
[18/Oct/2011:15:13:52] ENGINE Bus EXITING
[18/Oct/2011:15:13:52] ENGINE Bus EXITED
[18/Oct/2011:15:13:52] ENGINE Waiting for child threads to terminate...
[18/Oct/2011:15:14:00] ENGINE Listening for SIGHUP.
[18/Oct/2011:15:14:00] ENGINE Listening for SIGTERM.
[18/Oct/2011:15:14:00] ENGINE Listening for SIGUSR1.
[18/Oct/2011:15:14:00] ENGINE Bus STARTING
[18/Oct/2011:15:14:00] ENGINE Started monitor thread '_TimeoutMonitor'.
[18/Oct/2011:15:14:00] ENGINE Serving on 0.0.0.0:10001
[18/Oct/2011:15:14:00] ENGINE Bus STARTED
[18/Oct/2011:15:15:37] ENGINE Caught signal SIGTERM.
[18/Oct/2011:15:15:37] ENGINE Bus STOPPING
[18/Oct/2011:15:15:42] ENGINE HTTP Server cherrypy._cpwsgi_server.CPWSGIServer(('0.0.0.0', 10001)) shut down
[18/Oct/2011:15:15:42] ENGINE Stopped thread '_TimeoutMonitor'.
[18/Oct/2011:15:15:42] ENGINE Bus STOPPED
[18/Oct/2011:15:15:42] ENGINE Bus EXITING
[18/Oct/2011:15:15:42] ENGINE Bus EXITED
[18/Oct/2011:15:15:42] ENGINE Waiting for child threads to terminate...
[18/Oct/2011:15:15:45] ENGINE Listening for SIGHUP.
[18/Oct/2011:15:15:45] ENGINE Listening for SIGTERM.
[18/Oct/2011:15:15:45] ENGINE Listening for SIGUSR1.
[18/Oct/2011:15:15:45] ENGINE Bus STARTING
[18/Oct/2011:15:15:45] ENGINE Started monitor thread '_TimeoutMonitor'.
[18/Oct/2011:15:15:46] ENGINE Serving on 0.0.0.0:10001
[18/Oct/2011:15:15:46] ENGINE Bus STARTED
[18/Oct/2011:15:19:08] ENGINE Caught signal SIGTERM.
[18/Oct/2011:15:19:08] ENGINE Bus STOPPING
[18/Oct/2011:15:19:08] ENGINE HTTP Server cherrypy._cpwsgi_server.CPWSGIServer(('0.0.0.0', 10001)) shut down
[18/Oct/2011:15:19:08] ENGINE Stopped thread '_TimeoutMonitor'.
[18/Oct/2011:15:19:08] ENGINE Bus STOPPED
[18/Oct/2011:15:19:08] ENGINE Bus EXITING
[18/Oct/2011:15:19:08] ENGINE Bus EXITED
[18/Oct/2011:15:19:08] ENGINE Waiting for child threads to terminate...
[18/Oct/2011:15:19:12] ENGINE Listening for SIGHUP.
[18/Oct/2011:15:19:12] ENGINE Listening for SIGTERM.
[18/Oct/2011:15:19:12] ENGINE Listening for SIGUSR1.
[18/Oct/2011:15:19:12] ENGINE Bus STARTING
[18/Oct/2011:15:19:12] ENGINE Started monitor thread '_TimeoutMonitor'.
[18/Oct/2011:15:19:12] ENGINE Serving on 0.0.0.0:10001
[18/Oct/2011:15:19:12] ENGINE Bus STARTED
[18/Oct/2011:15:21:44] ENGINE Caught signal SIGTERM.
[18/Oct/2011:15:21:44] ENGINE Bus STOPPING
[18/Oct/2011:15:21:44] ENGINE HTTP Server cherrypy._cpwsgi_server.CPWSGIServer(('0.0.0.0', 10001)) shut down
[18/Oct/2011:15:21:44] ENGINE Stopped thread '_TimeoutMonitor'.
[18/Oct/2011:15:21:44] ENGINE Bus STOPPED
[18/Oct/2011:15:21:44] ENGINE Bus EXITING
[18/Oct/2011:15:21:44] ENGINE Bus EXITED
[18/Oct/2011:15:21:44] ENGINE Waiting for child threads to terminate...
[18/Oct/2011:15:21:50] ENGINE Listening for SIGHUP.
[18/Oct/2011:15:21:50] ENGINE Listening for SIGTERM.
[18/Oct/2011:15:21:50] ENGINE Listening for SIGUSR1.
[18/Oct/2011:15:21:50] ENGINE Bus STARTING
[18/Oct/2011:15:21:50] ENGINE Started monitor thread '_TimeoutMonitor'.
[18/Oct/2011:15:21:51] ENGINE Serving on 0.0.0.0:10001
[18/Oct/2011:15:21:51] ENGINE Bus STARTED
[18/Oct/2011:15:22:09] ENGINE Caught signal SIGTERM.
[18/Oct/2011:15:22:09] ENGINE Bus STOPPING
[18/Oct/2011:15:22:14] ENGINE HTTP Server cherrypy._cpwsgi_server.CPWSGIServer(('0.0.0.0', 10001)) shut down
[18/Oct/2011:15:22:14] ENGINE Stopped thread '_TimeoutMonitor'.
[18/Oct/2011:15:22:14] ENGINE Bus STOPPED
[18/Oct/2011:15:22:14] ENGINE Bus EXITING
[18/Oct/2011:15:22:14] ENGINE Bus EXITED
[18/Oct/2011:15:22:14] ENGINE Waiting for child threads to terminate...
[18/Oct/2011:15:22:18] ENGINE Listening for SIGHUP.
[18/Oct/2011:15:22:18] ENGINE Listening for SIGTERM.
[18/Oct/2011:15:22:18] ENGINE Listening for SIGUSR1.
[18/Oct/2011:15:22:18] ENGINE Bus STARTING
[18/Oct/2011:15:22:18] ENGINE Started monitor thread '_TimeoutMonitor'.
[18/Oct/2011:15:22:18] ENGINE Serving on 0.0.0.0:10001
[18/Oct/2011:15:22:18] ENGINE Bus STARTED
[18/Oct/2011:15:24:57] ENGINE Caught signal SIGTERM.
[18/Oct/2011:15:24:57] ENGINE Bus STOPPING
[18/Oct/2011:15:24:57] ENGINE HTTP Server cherrypy._cpwsgi_server.CPWSGIServer(('0.0.0.0', 10001)) shut down
[18/Oct/2011:15:24:57] ENGINE Stopped thread '_TimeoutMonitor'.
[18/Oct/2011:15:24:57] ENGINE Bus STOPPED
[18/Oct/2011:15:24:57] ENGINE Bus EXITING
[18/Oct/2011:15:24:57] ENGINE Bus EXITED
[18/Oct/2011:15:24:57] ENGINE Waiting for child threads to terminate...
[18/Oct/2011:15:25:00] ENGINE Listening for SIGHUP.
[18/Oct/2011:15:25:00] ENGINE Listening for SIGTERM.
[18/Oct/2011:15:25:00] ENGINE Listening for SIGUSR1.
[18/Oct/2011:15:25:00] ENGINE Bus STARTING
[18/Oct/2011:15:25:00] ENGINE Started monitor thread '_TimeoutMonitor'.
[18/Oct/2011:15:25:00] ENGINE Serving on 0.0.0.0:10001
[18/Oct/2011:15:25:00] ENGINE Bus STARTED
[18/Oct/2011:18:54:42] ENGINE Caught signal SIGTERM.
[18/Oct/2011:18:54:42] ENGINE Bus STOPPING
[18/Oct/2011:18:54:42] ENGINE HTTP Server cherrypy._cpwsgi_server.CPWSGIServer(('0.0.0.0', 10001)) shut down
[18/Oct/2011:18:54:42] ENGINE Stopped thread '_TimeoutMonitor'.
[18/Oct/2011:18:54:42] ENGINE Bus STOPPED
[18/Oct/2011:18:54:42] ENGINE Bus EXITING
[18/Oct/2011:18:54:42] ENGINE Bus EXITED
[18/Oct/2011:18:54:42] ENGINE Waiting for child threads to terminate...
[19/Oct/2011:17:50:51] ENGINE Listening for SIGHUP.
[19/Oct/2011:17:50:51] ENGINE Listening for SIGTERM.
[19/Oct/2011:17:50:51] ENGINE Listening for SIGUSR1.
[19/Oct/2011:17:50:51] ENGINE Bus STARTING
[19/Oct/2011:17:50:51] ENGINE Started monitor thread '_TimeoutMonitor'.
[19/Oct/2011:17:50:51] ENGINE Serving on 0.0.0.0:10001
[19/Oct/2011:17:50:51] ENGINE Bus STARTED
[19/Oct/2011:17:50:56] ENGINE Caught signal SIGTERM.
[19/Oct/2011:17:50:56] ENGINE Bus STOPPING
[19/Oct/2011:17:50:56] ENGINE HTTP Server cherrypy._cpwsgi_server.CPWSGIServer(('0.0.0.0', 10001)) shut down
[19/Oct/2011:17:50:56] ENGINE Stopped thread '_TimeoutMonitor'.
[19/Oct/2011:17:50:56] ENGINE Bus STOPPED
[19/Oct/2011:17:50:56] ENGINE Bus EXITING
[19/Oct/2011:17:50:56] ENGINE Bus EXITED
[19/Oct/2011:17:50:56] ENGINE Waiting for child threads to terminate...
[19/Oct/2011:18:09:51] ENGINE Listening for SIGHUP.
[19/Oct/2011:18:09:51] ENGINE Listening for SIGTERM.
[19/Oct/2011:18:09:51] ENGINE Listening for SIGUSR1.
[19/Oct/2011:18:09:51] ENGINE Bus STARTING
[19/Oct/2011:18:09:51] ENGINE Started monitor thread '_TimeoutMonitor'.
[19/Oct/2011:18:09:51] ENGINE Serving on 0.0.0.0:10001
[19/Oct/2011:18:09:51] ENGINE Bus STARTED
[19/Oct/2011:18:10:02] ENGINE Caught signal SIGTERM.
[19/Oct/2011:18:10:02] ENGINE Bus STOPPING
[19/Oct/2011:18:10:02] ENGINE HTTP Server cherrypy._cpwsgi_server.CPWSGIServer(('0.0.0.0', 10001)) shut down
[19/Oct/2011:18:10:02] ENGINE Stopped thread '_TimeoutMonitor'.
[19/Oct/2011:18:10:02] ENGINE Bus STOPPED
[19/Oct/2011:18:10:02] ENGINE Bus EXITING
[19/Oct/2011:18:10:02] ENGINE Bus EXITED
[19/Oct/2011:18:10:02] ENGINE Waiting for child threads to terminate...
[19/Oct/2011:18:13:39] ENGINE Listening for SIGHUP.
[19/Oct/2011:18:13:39] ENGINE Listening for SIGTERM.
[19/Oct/2011:18:13:39] ENGINE Listening for SIGUSR1.
[19/Oct/2011:18:13:39] ENGINE Bus STARTING
[19/Oct/2011:18:13:39] ENGINE Started monitor thread '_TimeoutMonitor'.
[19/Oct/2011:18:13:39] ENGINE Serving on 0.0.0.0:10001
[19/Oct/2011:18:13:39] ENGINE Bus STARTED
[19/Oct/2011:18:13:46] ENGINE Caught signal SIGTERM.
[19/Oct/2011:18:13:46] ENGINE Bus STOPPING
[19/Oct/2011:18:13:46] ENGINE HTTP Server cherrypy._cpwsgi_server.CPWSGIServer(('0.0.0.0', 10001)) shut down
[19/Oct/2011:18:13:46] ENGINE Stopped thread '_TimeoutMonitor'.
[19/Oct/2011:18:13:46] ENGINE Bus STOPPED
[19/Oct/2011:18:13:46] ENGINE Bus EXITING
[19/Oct/2011:18:13:46] ENGINE Bus EXITED
[19/Oct/2011:18:13:46] ENGINE Waiting for child threads to terminate...
[19/Oct/2011:18:14:27] ENGINE Listening for SIGHUP.
[19/Oct/2011:18:14:27] ENGINE Listening for SIGTERM.
[19/Oct/2011:18:14:27] ENGINE Listening for SIGUSR1.
[19/Oct/2011:18:14:27] ENGINE Bus STARTING
[19/Oct/2011:18:14:27] ENGINE Started monitor thread '_TimeoutMonitor'.
[19/Oct/2011:18:14:27] ENGINE Serving on 0.0.0.0:10001
[19/Oct/2011:18:14:27] ENGINE Bus STARTED
[19/Oct/2011:18:15:16] ENGINE Caught signal SIGTERM.
[19/Oct/2011:18:15:16] ENGINE Bus STOPPING
[19/Oct/2011:18:15:21] ENGINE Caught signal SIGTERM.
[19/Oct/2011:18:15:21] ENGINE Bus STOPPING
[19/Oct/2011:18:15:21] ENGINE HTTP Server cherrypy._cpwsgi_server.CPWSGIServer(('0.0.0.0', 10001)) already shut down
[19/Oct/2011:18:15:21] ENGINE Stopped thread '_TimeoutMonitor'.
[19/Oct/2011:18:15:21] ENGINE Bus STOPPED
[19/Oct/2011:18:15:21] ENGINE Bus EXITING
[19/Oct/2011:18:15:21] ENGINE Bus EXITED
[19/Oct/2011:18:15:21] ENGINE HTTP Server cherrypy._cpwsgi_server.CPWSGIServer(('0.0.0.0', 10001)) shut down
[19/Oct/2011:18:15:21] ENGINE No thread running for None.
[19/Oct/2011:18:15:21] ENGINE Bus STOPPED
[19/Oct/2011:18:15:21] ENGINE Bus EXITING
[19/Oct/2011:18:15:21] ENGINE Bus EXITED
[19/Oct/2011:18:15:21] ENGINE Waiting for child threads to terminate...
[19/Oct/2011:18:15:26] ENGINE Listening for SIGHUP.
[19/Oct/2011:18:15:26] ENGINE Listening for SIGTERM.
[19/Oct/2011:18:15:26] ENGINE Listening for SIGUSR1.
[19/Oct/2011:18:15:26] ENGINE Bus STARTING
[19/Oct/2011:18:15:26] ENGINE Started monitor thread '_TimeoutMonitor'.
[19/Oct/2011:18:15:26] ENGINE Serving on 0.0.0.0:10001
[19/Oct/2011:18:15:26] ENGINE Bus STARTED
[19/Oct/2011:18:17:35] ENGINE Caught signal SIGTERM.
[19/Oct/2011:18:17:35] ENGINE Bus STOPPING
[19/Oct/2011:18:17:40] ENGINE HTTP Server cherrypy._cpwsgi_server.CPWSGIServer(('0.0.0.0', 10001)) shut down
[19/Oct/2011:18:17:40] ENGINE Stopped thread '_TimeoutMonitor'.
[19/Oct/2011:18:17:40] ENGINE Bus STOPPED
[19/Oct/2011:18:17:40] ENGINE Bus EXITING
[19/Oct/2011:18:17:40] ENGINE Bus EXITED
[19/Oct/2011:18:17:40] ENGINE Waiting for child threads to terminate...
